This file contains any messages produced by compilers while
running configure, to aid debugging if configure makes a mistake.

It was created by NsCDE configure 2.0, which was
generated by GNU Autoconf 2.69.  Invocation command line was

  $ ./configure --prefix=/opt/product

## --------- ##
## Platform. ##
## --------- ##

hostname = testbox10
uname -m = x86_64
uname -r = 5.10.0-8-amd64
uname -s = Linux
uname -v = #1 SMP Debian 5.10.46-4 (2021-08-03)

/usr/bin/uname -p = unknown
/bin/uname -X     = unknown

/bin/arch              = x86_64
/usr/bin/arch -k       = unknown
/usr/convex/getsysinfo = unknown
/usr/bin/hostinfo      = unknown
/bin/machine           = unknown
/usr/bin/oslevel       = unknown
/bin/universe          = unknown

PATH: /usr/local/bin
PATH: /usr/bin
PATH: /bin
PATH: /usr/local/games
PATH: /usr/games
PATH: /opt/fvwm3/bin


## ----------- ##
## Core tests. ##
## ----------- ##

configure:2198: checking for a BSD-compatible install
configure:2266: result: /usr/bin/install -c
configure:2277: checking whether build environment is sane
configure:2332: result: yes
configure:2478: checking for a thread-safe mkdir -p
configure:2517: result: /usr/bin/mkdir -p
configure:2524: checking for gawk
configure:2554: result: no
configure:2524: checking for mawk
configure:2540: found /usr/bin/mawk
configure:2551: result: mawk
configure:2562: checking whether make sets $(MAKE)
configure:2584: result: yes
configure:2613: checking whether make supports nested variables
configure:2630: result: yes
configure:2805: checking for gcc
configure:2821: found /usr/bin/gcc
configure:2832: result: gcc
configure:3061: checking for C compiler version
configure:3070: gcc --version >&5
gcc (Debian 10.2.1-6) 10.2.1 20210110
Copyright (C) 2020 Free Software Foundation, Inc.
This is free software; see the source for copying conditions.  There is NO
warranty; not even for MERCHANTABILITY or FITNESS FOR A PARTICULAR PURPOSE.

configure:3081: $? = 0
configure:3070: gcc -v >&5
Using built-in specs.
COLLECT_GCC=gcc
COLLECT_LTO_WRAPPER=/usr/lib/gcc/x86_64-linux-gnu/10/lto-wrapper
OFFLOAD_TARGET_NAMES=nvptx-none:amdgcn-amdhsa:hsa
OFFLOAD_TARGET_DEFAULT=1
Target: x86_64-linux-gnu
Configured with: ../src/configure -v --with-pkgversion='Debian 10.2.1-6' --with-bugurl=file:///usr/share/doc/gcc-10/README.Bugs --enable-languages=c,ada,c++,go,brig,d,fortran,objc,obj-c++,m2 --prefix=/usr --with-gcc-major-version-only --program-suffix=-10 --program-prefix=x86_64-linux-gnu- --enable-shared --enable-linker-build-id --libexecdir=/usr/lib --without-included-gettext --enable-threads=posix --libdir=/usr/lib --enable-nls --enable-bootstrap --enable-clocale=gnu --enable-libstdcxx-debug --enable-libstdcxx-time=yes --with-default-libstdcxx-abi=new --enable-gnu-unique-object --disable-vtable-verify --enable-plugin --enable-default-pie --with-system-zlib --enable-libphobos-checking=release --with-target-system-zlib=auto --enable-objc-gc=auto --enable-multiarch --disable-werror --with-arch-32=i686 --with-abi=m64 --with-multilib-list=m32,m64,mx32 --enable-multilib --with-tune=generic --enable-offload-targets=nvptx-none=/build/gcc-10-Km9U7s/gcc-10-10.2.1/debian/tmp-nvptx/usr,amdgcn-amdhsa=/build/gcc-10-Km9U7s/gcc-10-10.2.1/debian/tmp-gcn/usr,hsa --without-cuda-driver --enable-checking=release --build=x86_64-linux-gnu --host=x86_64-linux-gnu --target=x86_64-linux-gnu --with-build-config=bootstrap-lto-lean --enable-link-mutex
Thread model: posix
Supported LTO compression algorithms: zlib zstd
gcc version 10.2.1 20210110 (Debian 10.2.1-6) 
... rest of stderr output deleted ...
configure:3081: $? = 0
configure:3070: gcc -V >&5
gcc: error: unrecognized command-line option '-V'
gcc: fatal error: no input files
compilation terminated.
configure:3081: $? = 1
configure:3070: gcc -qversion >&5
gcc: error: unrecognized command-line option '-qversion'; did you mean '--version'?
gcc: fatal error: no input files
compilation terminated.
configure:3081: $? = 1
configure:3101: checking whether the C compiler works
configure:3123: gcc -g -O3   conftest.c  >&5
configure:3127: $? = 0
configure:3175: result: yes
configure:3178: checking for C compiler default output file name
configure:3180: result: a.out
configure:3186: checking for suffix of executables
configure:3193: gcc -o conftest -g -O3   conftest.c  >&5
configure:3197: $? = 0
configure:3219: result: 
configure:3241: checking whether we are cross compiling
configure:3249: gcc -o conftest -g -O3   conftest.c  >&5
configure:3253: $? = 0
configure:3260: ./conftest
configure:3264: $? = 0
configure:3279: result: no
configure:3284: checking for suffix of object files
configure:3306: gcc -c -g -O3  conftest.c >&5
configure:3310: $? = 0
configure:3331: result: o
configure:3335: checking whether we are using the GNU C compiler
configure:3354: gcc -c -g -O3  conftest.c >&5
configure:3354: $? = 0
configure:3363: result: yes
configure:3372: checking whether gcc accepts -g
configure:3392: gcc -c -g  conftest.c >&5
configure:3392: $? = 0
configure:3433: result: yes
configure:3450: checking for gcc option to accept ISO C89
configure:3513: gcc  -c -g -O3  conftest.c >&5
configure:3513: $? = 0
configure:3526: result: none needed
configure:3551: checking whether gcc understands -c and -o together
configure:3573: gcc -c conftest.c -o conftest2.o
configure:3576: $? = 0
configure:3573: gcc -c conftest.c -o conftest2.o
configure:3576: $? = 0
configure:3588: result: yes
configure:3608: checking whether make supports the include directive
configure:3623: make -f confmf.GNU && cat confinc.out
this is the am__doit target
configure:3626: $? = 0
configure:3645: result: yes (GNU style)
configure:3670: checking dependency style of gcc
configure:3781: result: gcc3
configure:3801: checking build system type
configure:3815: result: x86_64-pc-linux-gnu
configure:3835: checking host system type
configure:3848: result: x86_64-pc-linux-gnu
configure:3868: checking platform
configure:4121: checking xsessiondir
configure:4165: checking for python3
configure:4183: found /usr/bin/python3
configure:4196: result: /usr/bin/python3
configure:4214: /usr/bin/python3 -c import sys # split strings by '.' and convert to numeric. Append some zeros # because we need at least 4 digits for the hex conversion. # map returns an iterator in Python 3.0 and a list in 2.x minver = list(map(int, '3.0'.split('.'))) + [0, 0, 0] minverhex = 0 # xrange is not present in Python 3.0 and range returns an iterator for i in list(range(0, 4)): minverhex = (minverhex << 8) + minver[i] sys.exit(sys.hexversion < minverhex)
configure:4217: $? = 0
configure:4364: checking for ksh93
configure:4382: found /usr/bin/ksh93
configure:4394: result: /usr/bin/ksh93
configure:4410: checking for sed
configure:4426: found /usr/bin/sed
configure:4437: result: sed
configure:4453: checking for fvwm
configure:4483: result: no
configure:4453: checking for fvwm2
configure:4483: result: no
configure:4453: checking for fvwm3
configure:4469: found /opt/fvwm3/bin/fvwm3
configure:4480: result: fvwm3
configure:4496: checking for cpp
configure:4512: found /usr/bin/cpp
configure:4523: result: cpp
configure:4539: checking for convert
configure:4555: found /usr/bin/convert
configure:4566: result: convert
configure:4582: checking for import
configure:4598: found /usr/bin/import
configure:4609: result: import
configure:4625: checking for xrdb
configure:4641: found /usr/bin/xrdb
configure:4652: result: xrdb
configure:4668: checking for xset
configure:4684: found /usr/bin/xset
configure:4695: result: xset
configure:4711: checking for xprop
configure:4727: found /usr/bin/xprop
configure:4738: result: xprop
configure:4754: checking for xdpyinfo
configure:4770: found /usr/bin/xdpyinfo
configure:4781: result: xdpyinfo
configure:4797: checking for xterm
configure:4813: found /usr/bin/xterm
configure:4824: result: xterm
configure:4840: checking for gettext
configure:4856: found /usr/bin/gettext
configure:4867: result: gettext
configure:4883: checking for xdotool
configure:4913: result: no
configure:4927: checking for xscreensaver
configure:4957: result: no
configure:4970: checking for stalonetray
configure:4986: found /usr/bin/stalonetray
configure:4997: result: stalonetray
configure:5013: checking for xsettingsd
configure:5029: found /usr/bin/xsettingsd
configure:5040: result: xsettingsd
configure:5056: checking for xrandr
configure:5072: found /usr/bin/xrandr
configure:5083: result: xrandr
configure:5099: checking for dunst
configure:5115: found /usr/bin/dunst
configure:5126: result: dunst
configure:5142: checking for xclip
configure:5158: found /usr/bin/xclip
configure:5169: result: xclip
configure:5185: checking for rofi
configure:5201: found /usr/bin/rofi
configure:5212: result: rofi
configure:5231: checking how to run the C preprocessor
configure:5301: result: cpp
configure:5321: cpp  conftest.c
configure:5321: $? = 0
configure:5335: cpp  conftest.c
conftest.c:11:10: fatal error: ac_nonexistent.h: No such file or directory
   11 | #include <ac_nonexistent.h>
      |          ^~~~~~~~~~~~~~~~~~
compilation terminated.
configure:5335: $? = 1
configure: failed program was:
| /* confdefs.h */
| #define PACKAGE_NAME "NsCDE"
| #define PACKAGE_TARNAME "nscde"
| #define PACKAGE_VERSION "2.0"
| #define PACKAGE_STRING "NsCDE 2.0"
| #define PACKAGE_BUGREPORT "nscde@protonmail.com"
| #define PACKAGE_URL ""
| #define PACKAGE "nscde"
| #define VERSION "2.0"
| /* end confdefs.h.  */
| #include <ac_nonexistent.h>
configure:5364: checking for grep that handles long lines and -e
configure:5422: result: /usr/bin/grep
configure:5427: checking for egrep
configure:5489: result: /usr/bin/grep -E
configure:5494: checking for ANSI C header files
configure:5514: gcc -c -g -O3  conftest.c >&5
configure:5514: $? = 0
configure:5587: gcc -o conftest -g -O3   conftest.c  >&5
configure:5587: $? = 0
configure:5587: ./conftest
configure:5587: $? = 0
configure:5598: result: yes
configure:5611: checking for sys/types.h
configure:5611: gcc -c -g -O3  conftest.c >&5
configure:5611: $? = 0
configure:5611: result: yes
configure:5611: checking for sys/stat.h
configure:5611: gcc -c -g -O3  conftest.c >&5
configure:5611: $? = 0
configure:5611: result: yes
configure:5611: checking for stdlib.h
configure:5611: gcc -c -g -O3  conftest.c >&5
configure:5611: $? = 0
configure:5611: result: yes
configure:5611: checking for string.h
configure:5611: gcc -c -g -O3  conftest.c >&5
configure:5611: $? = 0
configure:5611: result: yes
configure:5611: checking for memory.h
configure:5611: gcc -c -g -O3  conftest.c >&5
configure:5611: $? = 0
configure:5611: result: yes
configure:5611: checking for strings.h
configure:5611: gcc -c -g -O3  conftest.c >&5
configure:5611: $? = 0
configure:5611: result: yes
configure:5611: checking for inttypes.h
configure:5611: gcc -c -g -O3  conftest.c >&5
configure:5611: $? = 0
configure:5611: result: yes
configure:5611: checking for stdint.h
configure:5611: gcc -c -g -O3  conftest.c >&5
configure:5611: $? = 0
configure:5611: result: yes
configure:5611: checking for unistd.h
configure:5611: gcc -c -g -O3  conftest.c >&5
configure:5611: $? = 0
configure:5611: result: yes
configure:5628: checking math.h usability
configure:5628: gcc -c -g -O3  conftest.c >&5
configure:5628: $? = 0
configure:5628: result: yes
configure:5628: checking math.h presence
configure:5628: cpp  conftest.c
configure:5628: $? = 0
configure:5628: result: yes
configure:5628: checking for math.h
configure:5628: result: yes
configure:5628: checking for stdlib.h
configure:5628: result: yes
configure:5628: checking for string.h
configure:5628: result: yes
configure:5628: checking sys/time.h usability
configure:5628: gcc -c -g -O3  conftest.c >&5
configure:5628: $? = 0
configure:5628: result: yes
configure:5628: checking sys/time.h presence
configure:5628: cpp  conftest.c
configure:5628: $? = 0
configure:5628: result: yes
configure:5628: checking for sys/time.h
configure:5628: result: yes
configure:5628: checking time.h usability
configure:5628: gcc -c -g -O3  conftest.c >&5
configure:5628: $? = 0
configure:5628: result: yes
configure:5628: checking time.h presence
configure:5628: cpp  conftest.c
configure:5628: $? = 0
configure:5628: result: yes
configure:5628: checking for time.h
configure:5628: result: yes
configure:5628: checking for unistd.h
configure:5628: result: yes
configure:5628: checking X11/cursorfont.h usability
configure:5628: gcc -c -g -O3  conftest.c >&5
configure:5628: $? = 0
configure:5628: result: yes
configure:5628: checking X11/cursorfont.h presence
configure:5628: cpp  conftest.c
configure:5628: $? = 0
configure:5628: result: yes
configure:5628: checking for X11/cursorfont.h
configure:5628: result: yes
configure:5628: checking X11/extensions/shape.h usability
configure:5628: gcc -c -g -O3  conftest.c >&5
configure:5628: $? = 0
configure:5628: result: yes
configure:5628: checking X11/extensions/shape.h presence
configure:5628: cpp  conftest.c
configure:5628: $? = 0
configure:5628: result: yes
configure:5628: checking for X11/extensions/shape.h
configure:5628: result: yes
configure:5628: checking X11/Xlib.h usability
configure:5628: gcc -c -g -O3  conftest.c >&5
configure:5628: $? = 0
configure:5628: result: yes
configure:5628: checking X11/Xlib.h presence
configure:5628: cpp  conftest.c
configure:5628: $? = 0
configure:5628: result: yes
configure:5628: checking for X11/Xlib.h
configure:5628: result: yes
configure:5628: checking X11/xpm.h usability
configure:5628: gcc -c -g -O3  conftest.c >&5
configure:5628: $? = 0
configure:5628: result: yes
configure:5628: checking X11/xpm.h presence
configure:5628: cpp  conftest.c
configure:5628: $? = 0
configure:5628: result: yes
configure:5628: checking for X11/xpm.h
configure:5628: result: yes
configure:5628: checking X11/Xutil.h usability
configure:5628: gcc -c -g -O3  conftest.c >&5
configure:5628: $? = 0
configure:5628: result: yes
configure:5628: checking X11/Xutil.h presence
configure:5628: cpp  conftest.c
configure:5628: $? = 0
configure:5628: result: yes
configure:5628: checking for X11/Xutil.h
configure:5628: result: yes
configure:5641: checking for XOpenDisplay in -lX11
configure:5666: gcc -o conftest -g -O3   conftest.c -lX11   >&5
configure:5666: $? = 0
configure:5675: result: yes
configure:5685: checking for XShapeCombineMask in -lXext
configure:5710: gcc -o conftest -g -O3   conftest.c -lXext   >&5
configure:5710: $? = 0
configure:5719: result: yes
configure:5729: checking for XpmReadFileToXpmImage in -lXpm
configure:5754: gcc -o conftest -g -O3   conftest.c -lXpm   >&5
configure:5754: $? = 0
configure:5763: result: yes
configure:5773: checking for cos in -lm
configure:5798: gcc -o conftest -g -O3   conftest.c -lm   >&5
conftest.c:39:6: warning: conflicting types for built-in function 'cos'; expected 'double(double)' [-Wbuiltin-declaration-mismatch]
   39 | char cos ();
      |      ^~~
conftest.c:1:1: note: 'cos' is declared in header '<math.h>'
    1 | /* confdefs.h */
configure:5798: $? = 0
configure:5807: result: yes
configure:5865: WARNING: No Xscreensaver installation found. This may be ok for virtual machine guest or for some simple setup.
configure:5909: checking python3 module: xdg
configure:5914: result: yes
configure:5945: checking python3 module: yaml
configure:5950: result: yes
configure:5981: checking python3 module: os
configure:5986: result: yes
configure:6017: checking python3 module: re
configure:6022: result: yes
configure:6053: checking python3 module: shutil
configure:6058: result: yes
configure:6089: checking python3 module: subprocess
configure:6094: result: yes
configure:6125: checking python3 module: sys
configure:6130: result: yes
configure:6161: checking python3 module: fnmatch
configure:6166: result: yes
configure:6197: checking python3 module: getopt
configure:6202: result: yes
configure:6233: checking python3 module: time
configure:6238: result: yes
configure:6269: checking python3 module: platform
configure:6274: result: yes
configure:6305: checking python3 module: psutil
configure:6310: result: yes
configure:6341: checking python3 module: pwd
configure:6346: result: yes
configure:6377: checking python3 module: socket
configure:6382: result: yes
configure:6413: checking python3 module: PyQt5
configure:6418: result: yes
configure:6444: checking python3 module: PyQt4
configure:6453: result: no
configure:6631: checking that generated files are newer than configure
configure:6637: result: done
configure:6660: creating ./config.status

## ---------------------- ##
## Running config.status. ##
## ---------------------- ##

This file was extended by NsCDE config.status 2.0, which was
generated by GNU Autoconf 2.69.  Invocation command line was

  CONFIG_FILES    = 
  CONFIG_HEADERS  = 
  CONFIG_LINKS    = 
  CONFIG_COMMANDS = 
  $ ./config.status 

on testbox10

config.status:910: creating Makefile
config.status:910: creating src/Makefile
config.status:910: creating src/colorpicker/Makefile
config.status:910: creating src/XOverrideFontCursor/Makefile
config.status:910: creating src/pclock/Makefile
config.status:910: creating src/pclock/src/Makefile
config.status:910: creating doc/Makefile
config.status:910: creating doc/docbook/Makefile
config.status:910: creating po/Makefile
config.status:910: creating bin/Makefile
config.status:910: creating bin/nscde
config.status:910: creating bin/nscde_fvwmclnt
config.status:910: creating data/Makefile
config.status:910: creating data/fvwm/Makefile
config.status:910: creating data/fvwm/Main.fvwmconf
config.status:910: creating data/fvwm/Functions.fvwmconf
config.status:910: creating data/config_templates/Makefile
config.status:910: creating data/config_templates/fontmgr.local
config.status:910: creating data/config_templates/colormgr.local
config.status:910: creating lib/Makefile
config.status:910: creating lib/fvwm-modules/Makefile
config.status:910: creating lib/fvwm-modules/FvwmScript
config.status:910: creating lib/python/Makefile
config.status:910: creating lib/python/Globals.py
config.status:910: creating lib/python/MiscFun.py
config.status:910: creating lib/python/MotifColors.py
config.status:910: creating lib/python/Opts.py
config.status:910: creating lib/python/ThemeGtk.py
config.status:910: creating lib/python/Theme.py
config.status:910: creating lib/scripts/Makefile
config.status:910: creating lib/scripts/BackdropMgr
config.status:910: creating lib/scripts/ColorMgr
config.status:910: creating lib/scripts/ExecDialog
config.status:910: creating lib/scripts/FontMgr
config.status:910: creating lib/scripts/PowerSaveMgr
config.status:910: creating lib/scripts/SubpanelSettings
config.status:910: creating lib/scripts/Sysinfo
config.status:910: creating xdg/Makefile
config.status:910: creating xdg/xsessions/nscde.desktop
config.status:910: creating nscde_tools/Makefile
config.status:910: creating nscde_tools/acpimgr
config.status:910: creating nscde_tools/appfinder
config.status:910: creating nscde_tools/backdropmgr
config.status:910: creating nscde_tools/bootstrap
config.status:910: creating nscde_tools/colormgr
config.status:910: creating nscde_tools/colorpicker
config.status:910: creating nscde_tools/fontmgr
config.status:910: creating nscde_tools/fpclock
config.status:910: creating nscde_tools/fpexec
config.status:910: creating nscde_tools/fp_manage_subpanel
config.status:910: creating nscde_tools/fpseticon
config.status:910: creating nscde_tools/generate_app_menus
config.status:910: creating nscde_tools/generate_subpanels
config.status:910: creating nscde_tools/getdpi
config.status:910: creating nscde_tools/getfont
config.status:910: creating nscde_tools/get_logical_screens
config.status:910: creating nscde_tools/ised
config.status:910: creating nscde_tools/keymenu
config.status:910: creating nscde_tools/mkpagemenu
config.status:910: creating nscde_tools/migrate_nscde_1x_2x
config.status:910: creating nscde_tools/strip_icon_path
config.status:910: creating nscde_tools/subpanel_menuitem_props
config.status:910: creating nscde_tools/var_append
config.status:910: creating nscde_tools/xdowrapper
config.status:910: creating nscde_tools/xrandr_backer
config.status:910: creating nscde_tools/colorconv
config.status:910: creating nscde_tools/confget
config.status:910: creating nscde_tools/confset
config.status:910: creating nscde_tools/geticon
config.status:910: creating nscde_tools/getla1
config.status:910: creating nscde_tools/palette_colorgen
config.status:910: creating nscde_tools/sysinfo
config.status:910: creating nscde_tools/themegen
config.status:910: creating nscde_tools/usleep
config.status:910: creating nscde_tools/FvwmScripts/Makefile
config.status:910: creating nscde_tools/FvwmScripts/GWM
config.status:910: creating nscde_tools/FvwmScripts/Notifier
config.status:910: creating nscde_tools/FvwmScripts/Splash
config.status:1082: executing depfiles commands
config.status:1159: cd src/colorpicker       && sed -e '/# am--include-marker/d' Makefile         | make -f - am--depfiles
make: Nothing to be done for 'am--depfiles'.
config.status:1164: $? = 0
config.status:1159: cd src/XOverrideFontCursor       && sed -e '/# am--include-marker/d' Makefile         | make -f - am--depfiles
make: Nothing to be done for 'am--depfiles'.
config.status:1164: $? = 0
config.status:1159: cd src/pclock/src       && sed -e '/# am--include-marker/d' Makefile         | make -f - am--depfiles
make: Nothing to be done for 'am--depfiles'.
config.status:1164: $? = 0

## ---------------- ##
## Cache variables. ##
## ---------------- ##

ac_cv_build=x86_64-pc-linux-gnu
ac_cv_c_compiler_gnu=yes
ac_cv_env_CC_set=
ac_cv_env_CC_value=
ac_cv_env_CFLAGS_set=set
ac_cv_env_CFLAGS_value='-g -O3'
ac_cv_env_CPPFLAGS_set=
ac_cv_env_CPPFLAGS_value=
ac_cv_env_CPP_set=
ac_cv_env_CPP_value=
ac_cv_env_LDFLAGS_set=
ac_cv_env_LDFLAGS_value=
ac_cv_env_LIBS_set=
ac_cv_env_LIBS_value=
ac_cv_env_build_alias_set=
ac_cv_env_build_alias_value=
ac_cv_env_host_alias_set=
ac_cv_env_host_alias_value=
ac_cv_env_target_alias_set=
ac_cv_env_target_alias_value=
ac_cv_header_X11_Xlib_h=yes
ac_cv_header_X11_Xutil_h=yes
ac_cv_header_X11_cursorfont_h=yes
ac_cv_header_X11_extensions_shape_h=yes
ac_cv_header_X11_xpm_h=yes
ac_cv_header_inttypes_h=yes
ac_cv_header_math_h=yes
ac_cv_header_memory_h=yes
ac_cv_header_stdc=yes
ac_cv_header_stdint_h=yes
ac_cv_header_stdlib_h=yes
ac_cv_header_string_h=yes
ac_cv_header_strings_h=yes
ac_cv_header_sys_stat_h=yes
ac_cv_header_sys_time_h=yes
ac_cv_header_sys_types_h=yes
ac_cv_header_time_h=yes
ac_cv_header_unistd_h=yes
ac_cv_host=x86_64-pc-linux-gnu
ac_cv_lib_X11_XOpenDisplay=yes
ac_cv_lib_Xext_XShapeCombineMask=yes
ac_cv_lib_Xpm_XpmReadFileToXpmImage=yes
ac_cv_lib_m_cos=yes
ac_cv_objext=o
ac_cv_path_EGREP='/usr/bin/grep -E'
ac_cv_path_GREP=/usr/bin/grep
ac_cv_path_KSH=/usr/bin/ksh93
ac_cv_path_PYTHON=/usr/bin/python3
ac_cv_path_install='/usr/bin/install -c'
ac_cv_path_mkdir=/usr/bin/mkdir
ac_cv_prog_AWK=mawk
ac_cv_prog_CONVERT=convert
ac_cv_prog_CPP=cpp
ac_cv_prog_DUNST=dunst
ac_cv_prog_FVWM=fvwm3
ac_cv_prog_GETTEXT=gettext
ac_cv_prog_IMPORT=import
ac_cv_prog_ROFI=rofi
ac_cv_prog_SED=sed
ac_cv_prog_STALONETRAY=stalonetray
ac_cv_prog_XCLIP=xclip
ac_cv_prog_XDPYINFO=xdpyinfo
ac_cv_prog_XPROP=xprop
ac_cv_prog_XRANDR=xrandr
ac_cv_prog_XRDB=xrdb
ac_cv_prog_XSET=xset
ac_cv_prog_XSETTINGSD=xsettingsd
ac_cv_prog_XTERM=xterm
ac_cv_prog_ac_ct_CC=gcc
ac_cv_prog_cc_c89=
ac_cv_prog_cc_g=yes
ac_cv_prog_make_make_set=yes
am_cv_CC_dependencies_compiler_type=gcc3
am_cv_make_support_nested_variables=yes
am_cv_prog_cc_c_o=yes

## ----------------- ##
## Output variables. ##
## ----------------- ##

ACLOCAL='${SHELL} '\''/home/rjeremy/NsCDE-devel/ac-aux/missing'\'' aclocal-1.16'
AMDEPBACKSLASH='\'
AMDEP_FALSE='#'
AMDEP_TRUE=''
AMTAR='$${TAR-tar}'
AM_BACKSLASH='\'
AM_DEFAULT_V='$(AM_DEFAULT_VERBOSITY)'
AM_DEFAULT_VERBOSITY='1'
AM_V='$(V)'
AUTOCONF='${SHELL} '\''/home/rjeremy/NsCDE-devel/ac-aux/missing'\'' autoconf'
AUTOHEADER='${SHELL} '\''/home/rjeremy/NsCDE-devel/ac-aux/missing'\'' autoheader'
AUTOMAKE='${SHELL} '\''/home/rjeremy/NsCDE-devel/ac-aux/missing'\'' automake-1.16'
AWK='mawk'
CC='gcc'
CCDEPMODE='depmode=gcc3'
CFLAGS='-g -O3'
CONVERT='convert'
CPP='cpp'
CPPFLAGS=''
CYGPATH_W='echo'
DATA_ROOTDIR='/opt/product/share'
DEFS='-DPACKAGE_NAME=\"NsCDE\" -DPACKAGE_TARNAME=\"nscde\" -DPACKAGE_VERSION=\"2.0\" -DPACKAGE_STRING=\"NsCDE\ 2.0\" -DPACKAGE_BUGREPORT=\"nscde@protonmail.com\" -DPACKAGE_URL=\"\" -DPACKAGE=\"nscde\" -DVERSION=\"2.0\" -DSTDC_HEADERS=1 -DHAVE_SYS_TYPES_H=1 -DHAVE_SYS_STAT_H=1 -DHAVE_STDLIB_H=1 -DHAVE_STRING_H=1 -DHAVE_MEMORY_H=1 -DHAVE_STRINGS_H=1 -DHAVE_INTTYPES_H=1 -DHAVE_STDINT_H=1 -DHAVE_UNISTD_H=1 -DHAVE_MATH_H=1 -DHAVE_STDLIB_H=1 -DHAVE_STRING_H=1 -DHAVE_SYS_TIME_H=1 -DHAVE_TIME_H=1 -DHAVE_UNISTD_H=1 -DHAVE_X11_CURSORFONT_H=1 -DHAVE_X11_EXTENSIONS_SHAPE_H=1 -DHAVE_X11_XLIB_H=1 -DHAVE_X11_XPM_H=1 -DHAVE_X11_XUTIL_H=1'
DEPDIR='.deps'
DOCUMENTATION_ROOT='/opt/product/share/doc/NsCDE'
DUNST='dunst'
ECHO_C=''
ECHO_N='-n'
ECHO_T=''
EGREP='/usr/bin/grep -E'
EXEEXT=''
FULL_BINDIR='/opt/product/bin'
FVWM='fvwm3'
FVWM_DATADIR='/opt/product/share/NsCDE/fvwm'
GETTEXT='gettext'
GMAKE=''
GREP='/usr/bin/grep'
GSED=''
GTAIL=''
IMPORT='import'
INSTALL_DATA='${INSTALL} -m 644'
INSTALL_PROGRAM='${INSTALL}'
INSTALL_SCRIPT='${INSTALL}'
INSTALL_STRIP_PROGRAM='$(install_sh) -c -s'
KSH='/usr/bin/ksh93'
LDFLAGS=''
LIBOBJS=''
LIBS=''
LOCALES='hr'
LTLIBOBJS=''
MAKEINFO='${SHELL} '\''/home/rjeremy/NsCDE-devel/ac-aux/missing'\'' makeinfo'
MATH_LIB='-lm'
MKDIR_P='/usr/bin/mkdir -p'
NOSTDICONDIR='/opt/product/share/icons'
NOSTDICONDIRREGEX='^\/opt\/product\/share\/icons\/'
NOSTDICONPATH='/opt/product/share/icons:'
NSCDE_DATADIR='/opt/product/share/NsCDE'
NSCDE_LIBDIR='/opt/product/lib/NsCDE'
NSCDE_TOOLSDIR='/opt/product/libexec/NsCDE'
OBJEXT='o'
OS_PLUS_MACHINE_ARCH='Linux_x86_64'
PACKAGE='nscde'
PACKAGE_BUGREPORT='nscde@protonmail.com'
PACKAGE_NAME='NsCDE'
PACKAGE_STRING='NsCDE 2.0'
PACKAGE_TARNAME='nscde'
PACKAGE_URL=''
PACKAGE_VERSION='2.0'
PATH_SEPARATOR=':'
PYTHON='/usr/bin/python3'
REQUIRED_PYTHON_VERSION='3.0'
ROFI='rofi'
SED='sed'
SET_MAKE=''
SHELL='/bin/bash'
STALONETRAY='stalonetray'
STARTNSCDE='/opt/product/bin/nscde'
STRIP=''
SYS_CONFDIR='/opt/product/etc'
VERSION='2.0-git8daacfa-dirty'
XCLIP='xclip'
XDG_CONFIG_PATH_BOOL='1'
XDG_DATA_PATH_BOOL='1'
XDOTOOL='no'
XDPYINFO='xdpyinfo'
XEXT_LIB='-lXext'
XPM_LIB='-lXpm'
XPROP='xprop'
XRANDR='xrandr'
XRDB='xrdb'
XSCSVR='no'
XSESSDIR='/usr/share/xsessions'
XSET='xset'
XSETTINGSD='xsettingsd'
XTERM='xterm'
X_LIB='-lX11'
ac_ct_CC='gcc'
am__EXEEXT_FALSE=''
am__EXEEXT_TRUE='#'
am__fastdepCC_FALSE='#'
am__fastdepCC_TRUE=''
am__include='include'
am__isrc=''
am__leading_dot='.'
am__nodep='_no'
am__quote=''
am__tar='$${TAR-tar} chof - "$$tardir"'
am__untar='$${TAR-tar} xf -'
bindir='${exec_prefix}/bin'
build='x86_64-pc-linux-gnu'
build_alias=''
build_cpu='x86_64'
build_os='linux-gnu'
build_vendor='pc'
datadir='${datarootdir}'
datarootdir='${prefix}/share'
docdir='${prefix}/share/doc/NsCDE'
dvidir='${docdir}'
exec_prefix='${prefix}'
host='x86_64-pc-linux-gnu'
host_alias=''
host_cpu='x86_64'
host_os='linux-gnu'
host_vendor='pc'
htmldir='${docdir}'
includedir='${prefix}/include'
infodir='${datarootdir}/info'
install_sh='${SHELL} /home/rjeremy/NsCDE-devel/ac-aux/install-sh'
libdir='${exec_prefix}/lib'
libexecdir='${exec_prefix}/libexec'
localedir='${datarootdir}/locale'
localstatedir='${prefix}/var'
mandir='${datarootdir}/man'
mkdir_p='$(MKDIR_P)'
oldincludedir='/usr/include'
pdfdir='${docdir}'
prefix='/opt/product'
program_transform_name='s,x,x,'
psdir='${docdir}'
runstatedir='${localstatedir}/run'
sbindir='${exec_prefix}/sbin'
sharedstatedir='${prefix}/com'
sysconfdir='${prefix}/etc'
target_alias=''
xsessiondir=''

## ----------- ##
## confdefs.h. ##
## ----------- ##

/* confdefs.h */
#define PACKAGE_NAME "NsCDE"
#define PACKAGE_TARNAME "nscde"
#define PACKAGE_VERSION "2.0"
#define PACKAGE_STRING "NsCDE 2.0"
#define PACKAGE_BUGREPORT "nscde@protonmail.com"
#define PACKAGE_URL ""
#define PACKAGE "nscde"
#define VERSION "2.0"
#define STDC_HEADERS 1
#define HAVE_SYS_TYPES_H 1
#define HAVE_SYS_STAT_H 1
#define HAVE_STDLIB_H 1
#define HAVE_STRING_H 1
#define HAVE_MEMORY_H 1
#define HAVE_STRINGS_H 1
#define HAVE_INTTYPES_H 1
#define HAVE_STDINT_H 1
#define HAVE_UNISTD_H 1
#define HAVE_MATH_H 1
#define HAVE_STDLIB_H 1
#define HAVE_STRING_H 1
#define HAVE_SYS_TIME_H 1
#define HAVE_TIME_H 1
#define HAVE_UNISTD_H 1
#define HAVE_X11_CURSORFONT_H 1
#define HAVE_X11_EXTENSIONS_SHAPE_H 1
#define HAVE_X11_XLIB_H 1
#define HAVE_X11_XPM_H 1
#define HAVE_X11_XUTIL_H 1

configure: exit 0
